c:\users\gullu\computer graphics\youtube tutorial 2\youtubeopengl 7 - going 3d\x64\debug\vc143.pdb
c:\users\gullu\computer graphics\youtube tutorial 2\youtubeopengl 7 - going 3d\x64\debug\vc143.idb
c:\users\gullu\computer graphics\youtube tutorial 2\youtubeopengl 7 - going 3d\x64\debug\vbo.obj
c:\users\gullu\computer graphics\youtube tutorial 2\youtubeopengl 7 - going 3d\x64\debug\vao.obj
c:\users\gullu\computer graphics\youtube tutorial 2\youtubeopengl 7 - going 3d\x64\debug\texture.obj
c:\users\gullu\computer graphics\youtube tutorial 2\youtubeopengl 7 - going 3d\x64\debug\stb.obj
c:\users\gullu\computer graphics\youtube tutorial 2\youtubeopengl 7 - going 3d\x64\debug\shaderclass.obj
c:\users\gullu\computer graphics\youtube tutorial 2\youtubeopengl 7 - going 3d\x64\debug\main.obj
c:\users\gullu\computer graphics\youtube tutorial 2\youtubeopengl 7 - going 3d\x64\debug\imgui_impl_glfw_gl3.obj
c:\users\gullu\computer graphics\youtube tutorial 2\youtubeopengl 7 - going 3d\x64\debug\imgui_draw.obj
c:\users\gullu\computer graphics\youtube tutorial 2\youtubeopengl 7 - going 3d\x64\debug\imgui_demo.obj
c:\users\gullu\computer graphics\youtube tutorial 2\youtubeopengl 7 - going 3d\x64\debug\imgui.obj
c:\users\gullu\computer graphics\youtube tutorial 2\youtubeopengl 7 - going 3d\x64\debug\ebo.obj
c:\users\gullu\computer graphics\youtube tutorial 2\youtubeopengl 7 - going 3d\x64\debug\camera.obj
c:\users\gullu\computer graphics\youtube tutorial 2\youtubeopengl 7 - going 3d\x64\debug\glad.obj
c:\users\gullu\computer graphics\youtube tutorial 2\youtubeopengl 7 - going 3d\x64\debug\youtubeopengl.pdb
c:\users\gullu\computer graphics\youtube tutorial 2\youtubeopengl 7 - going 3d\x64\debug\youtubeopengl.tlog\cl.command.1.tlog
c:\users\gullu\computer graphics\youtube tutorial 2\youtubeopengl 7 - going 3d\x64\debug\youtubeopengl.tlog\cl.read.1.tlog
c:\users\gullu\computer graphics\youtube tutorial 2\youtubeopengl 7 - going 3d\x64\debug\youtubeopengl.tlog\cl.write.1.tlog
c:\users\gullu\computer graphics\youtube tutorial 2\youtubeopengl 7 - going 3d\x64\debug\youtubeopengl.tlog\link-cvtres.read.1.tlog
c:\users\gullu\computer graphics\youtube tutorial 2\youtubeopengl 7 - going 3d\x64\debug\youtubeopengl.tlog\link-cvtres.write.1.tlog
c:\users\gullu\computer graphics\youtube tutorial 2\youtubeopengl 7 - going 3d\x64\debug\youtubeopengl.tlog\link-rc.read.1.tlog
c:\users\gullu\computer graphics\youtube tutorial 2\youtubeopengl 7 - going 3d\x64\debug\youtubeopengl.tlog\link-rc.write.1.tlog
c:\users\gullu\computer graphics\youtube tutorial 2\youtubeopengl 7 - going 3d\x64\debug\youtubeopengl.tlog\link.command.1.tlog
c:\users\gullu\computer graphics\youtube tutorial 2\youtubeopengl 7 - going 3d\x64\debug\youtubeopengl.tlog\link.read.1.tlog
c:\users\gullu\computer graphics\youtube tutorial 2\youtubeopengl 7 - going 3d\x64\debug\youtubeopengl.tlog\link.read.3.tlog
c:\users\gullu\computer graphics\youtube tutorial 2\youtubeopengl 7 - going 3d\x64\debug\youtubeopengl.tlog\link.write.1.tlog
